{
  "stats": {
    "suites": 1,
    "tests": 2,
    "passes": 0,
    "pending": 0,
    "failures": 2,
    "start": "2024-09-13T12:22:08.587Z",
    "end": "2024-09-13T12:22:32.940Z",
    "duration": 24353,
    "testsRegistered": 2,
    "passPercent": 0,
    "pendingPercent": 0,
    "other": 0,
    "hasOther": false,
    "skipped": 0,
    "hasSkipped": false
  },
  "results": [
    {
      "uuid": "9b3efedc-9bc3-4068-b72e-68223d61b8b2",
      "title": "",
      "fullFile": "cypress\\e2e\\integration\\perfil.spec.cy.js",
      "file": "cypress\\e2e\\integration\\perfil.spec.cy.js",
      "beforeHooks": [],
      "afterHooks": [],
      "tests": [],
      "suites": [
        {
          "uuid": "81c5aa34-8d57-4625-a71a-31250ca711de",
          "title": "Lacrei Saúde",
          "fullFile": "",
          "file": "",
          "beforeHooks": [],
          "afterHooks": [],
          "tests": [
            {
              "title": "Editar Perfil - Sucesso",
              "fullTitle": "Lacrei Saúde Editar Perfil - Sucesso",
              "timedOut": null,
              "duration": 11608,
              "state": "failed",
              "speed": null,
              "pass": false,
              "fail": true,
              "pending": false,
              "context": null,
              "code": "perfilPage.editarPefil();",
              "err": {
                "message": "AssertionError: Timed out retrying after 4000ms: Expected to find element: `.sc-5e4672f-3`, but never found it.",
                "estack": "AssertionError: Timed out retrying after 4000ms: Expected to find element: `.sc-5e4672f-3`, but never found it.\n    at PerfilPage.editarPefil (webpack://yes/./cypress/pages/perfilPage.js:18:11)\n    at Context.eval (webpack://yes/./cypress/e2e/integration/perfil.spec.cy.js:15:19)",
                "diff": null
              },
              "uuid": "eee0bbec-60d9-4f0a-8b3f-05d832ea258d",
              "parentUUID": "81c5aa34-8d57-4625-a71a-31250ca711de",
              "isHook": false,
              "skipped": false
            },
            {
              "title": "Recuperar Senha - Sucesso",
              "fullTitle": "Lacrei Saúde Recuperar Senha - Sucesso",
              "timedOut": null,
              "duration": 12176,
              "state": "failed",
              "speed": null,
              "pass": false,
              "fail": true,
              "pending": false,
              "context": null,
              "code": "loginPage.buttonSairConta();\nperfilPage.recuperarSenha();\nperfilPage.verificarEmailRedefinirSenha();",
              "err": {
                "message": "AssertionError: Timed out retrying after 4000ms: Expected to find element: `[alt='logout']`, but never found it.",
                "estack": "AssertionError: Timed out retrying after 4000ms: Expected to find element: `[alt='logout']`, but never found it.\n    at LoginPage.buttonSairConta (webpack://yes/./cypress/pages/loginPage.js:26:11)\n    at Context.eval (webpack://yes/./cypress/e2e/integration/perfil.spec.cy.js:19:18)",
                "diff": null
              },
              "uuid": "1bbb4dd1-a281-43e6-9f4f-f736ccc614c5",
              "parentUUID": "81c5aa34-8d57-4625-a71a-31250ca711de",
              "isHook": false,
              "skipped": false
            }
          ],
          "suites": [],
          "passes": [],
          "failures": [
            "eee0bbec-60d9-4f0a-8b3f-05d832ea258d",
            "1bbb4dd1-a281-43e6-9f4f-f736ccc614c5"
          ],
          "pending": [],
          "skipped": [],
          "duration": 23784,
          "root": false,
          "rootEmpty": false,
          "_timeout": 2000
        }
      ],
      "passes": [],
      "failures": [],
      "pending": [],
      "skipped": [],
      "duration": 0,
      "root": true,
      "rootEmpty": true,
      "_timeout": 2000
    }
  ],
  "meta": {
    "mocha": {
      "version": "7.0.1"
    },
    "mochawesome": {
      "options": {
        "quiet": false,
        "reportFilename": "mochawesome",
        "saveHtml": true,
        "saveJson": true,
        "consoleReporter": "spec",
        "useInlineDiffs": false,
        "code": true
      },
      "version": "7.1.3"
    },
    "marge": {
      "options": null,
      "version": "6.2.0"
    }
  }
}